# JRE version: Java(TM) SE Runtime Environment (7.0_51-b13) (build 1.7.0_51-b13)
# Java VM: Java HotSpot(TM) 64-Bit Server VM (24.51-b03 mixed mode linux-amd64 compressed oops)
Heap
 PSYoungGen      total 98304K, used 37625K [0x00000000ecb00000, 0x00000000f7280000, 0x0000000100000000)
  eden space 97792K, 38% used [0x00000000ecb00000,0x00000000eef9e6c8,0x00000000f2a80000)
  from space 512K, 25% used [0x00000000f7200000,0x00000000f7220000,0x00000000f7280000)
  to   space 7168K, 0% used [0x00000000f6480000,0x00000000f6480000,0x00000000f6b80000)
 ParOldGen       total 39424K, used 9551K [0x00000000c6200000, 0x00000000c8880000, 0x00000000ecb00000)
  object space 39424K, 24% used [0x00000000c6200000,0x00000000c6b53c40,0x00000000c8880000)
 PSPermGen       total 21504K, used 16737K [0x00000000c1000000, 0x00000000c2500000, 0x00000000c6200000)
  object space 21504K, 77% used [0x00000000c1000000,0x00000000c2058538,0x00000000c2500000)
GC Heap History (10 events):
Event: 12,359 GC heap before
{Heap before GC invocations=8 (full 0):
 PSYoungGen      total 39936K, used 31872K [0x00000000ecb00000, 0x00000000f1900000, 0x0000000100000000)
  eden space 31744K, 100% used [0x00000000ecb00000,0x00000000eea00000,0x00000000eea00000)
  from space 8192K, 1% used [0x00000000eea00000,0x00000000eea20000,0x00000000ef200000)
  to   space 8192K, 0% used [0x00000000f1100000,0x00000000f1100000,0x00000000f1900000)
 ParOldGen       total 39424K, used 9417K [0x00000000c6200000, 0x00000000c8880000, 0x00000000ecb00000)
  object space 39424K, 23% used [0x00000000c6200000,0x00000000c6b32670,0x00000000c8880000)
 PSPermGen       total 21504K, used 16675K [0x00000000c1000000, 0x00000000c2500000, 0x00000000c6200000)
  object space 21504K, 77% used [0x00000000c1000000,0x00000000c2048dd8,0x00000000c2500000)
Event: 12,360 GC heap after
Heap after GC invocations=8 (full 0):
 PSYoungGen      total 71680K, used 96K [0x00000000ecb00000, 0x00000000f1900000, 0x0000000100000000)
  eden space 63488K, 0% used [0x00000000ecb00000,0x00000000ecb00000,0x00000000f0900000)
  from space 8192K, 1% used [0x00000000f1100000,0x00000000f1118000,0x00000000f1900000)
  to   space 8192K, 0% used [0x00000000f0900000,0x00000000f0900000,0x00000000f1100000)
 ParOldGen       total 39424K, used 9449K [0x00000000c6200000, 0x00000000c8880000, 0x00000000ecb00000)
  object space 39424K, 23% used [0x00000000c6200000,0x00000000c6b3a670,0x00000000c8880000)
 PSPermGen       total 21504K, used 16675K [0x00000000c1000000, 0x00000000c2500000, 0x00000000c6200000)
  object space 21504K, 77% used [0x00000000c1000000,0x00000000c2048dd8,0x00000000c2500000)
}
Event: 12,958 GC heap before
{Heap before GC invocations=9 (full 0):
 PSYoungGen      total 71680K, used 63584K [0x00000000ecb00000, 0x00000000f1900000, 0x0000000100000000)
  eden space 63488K, 100% used [0x00000000ecb00000,0x00000000f0900000,0x00000000f0900000)
  from space 8192K, 1% used [0x00000000f1100000,0x00000000f1118000,0x00000000f1900000)
  to   space 8192K, 0% used [0x00000000f0900000,0x00000000f0900000,0x00000000f1100000)
 ParOldGen       total 39424K, used 9449K [0x00000000c6200000, 0x00000000c8880000, 0x00000000ecb00000)
  object space 39424K, 23% used [0x00000000c6200000,0x00000000c6b3a670,0x00000000c8880000)
 PSPermGen       total 21504K, used 16676K [0x00000000c1000000, 0x00000000c2500000, 0x00000000c6200000)
  object space 21504K, 77% used [0x00000000c1000000,0x00000000c2049070,0x00000000c2500000)
Event: 12,960 GC heap after
Heap after GC invocations=9 (full 0):
 PSYoungGen      total 71680K, used 96K [0x00000000ecb00000, 0x00000000f3e80000, 0x0000000100000000)
  eden space 63488K, 0% used [0x00000000ecb00000,0x00000000ecb00000,0x00000000f0900000)
  from space 8192K, 1% used [0x00000000f0900000,0x00000000f0918000,0x00000000f1100000)
  to   space 8192K, 0% used [0x00000000f3680000,0x00000000f3680000,0x00000000f3e80000)
 ParOldGen       total 39424K, used 9465K [0x00000000c6200000, 0x00000000c8880000, 0x00000000ecb00000)
  object space 39424K, 24% used [0x00000000c6200000,0x00000000c6b3e670,0x00000000c8880000)
 PSPermGen       total 21504K, used 16676K [0x00000000c1000000, 0x00000000c2500000, 0x00000000c6200000)
  object space 21504K, 77% used [0x00000000c1000000,0x00000000c2049070,0x00000000c2500000)
}
Event: 14,697 GC heap before
{Heap before GC invocations=10 (full 0):
 PSYoungGen      total 71680K, used 63584K [0x00000000ecb00000, 0x00000000f3e80000, 0x0000000100000000)
  eden space 63488K, 100% used [0x00000000ecb00000,0x00000000f0900000,0x00000000f0900000)
  from space 8192K, 1% used [0x00000000f0900000,0x00000000f0918000,0x00000000f1100000)
  to   space 8192K, 0% used [0x00000000f3680000,0x00000000f3680000,0x00000000f3e80000)
 ParOldGen       total 39424K, used 9465K [0x00000000c6200000, 0x00000000c8880000, 0x00000000ecb00000)
  object space 39424K, 24% used [0x00000000c6200000,0x00000000c6b3e670,0x00000000c8880000)
 PSPermGen       total 21504K, used 16725K [0x00000000c1000000, 0x00000000c2500000, 0x00000000c6200000)
  object space 21504K, 77% used [0x00000000c1000000,0x00000000c20556b0,0x00000000c2500000)
Event: 14,698 GC heap after
Heap after GC invocations=10 (full 0):
 PSYoungGen      total 109056K, used 128K [0x00000000ecb00000, 0x00000000f3d80000, 0x0000000100000000)
  eden space 101888K, 0% used [0x00000000ecb00000,0x00000000ecb00000,0x00000000f2e80000)
  from space 7168K, 1% used [0x00000000f3680000,0x00000000f36a0000,0x00000000f3d80000)
  to   space 7680K, 0% used [0x00000000f2e80000,0x00000000f2e80000,0x00000000f3600000)
 ParOldGen       total 39424K, used 9465K [0x00000000c6200000, 0x00000000c8880000, 0x00000000ecb00000)
  object space 39424K, 24% used [0x00000000c6200000,0x00000000c6b3e670,0x00000000c8880000)
 PSPermGen       total 21504K, used 16725K [0x00000000c1000000, 0x00000000c2500000, 0x00000000c6200000)
  object space 21504K, 77% used [0x00000000c1000000,0x00000000c20556b0,0x00000000c2500000)
}
Event: 15,871 GC heap before
{Heap before GC invocations=11 (full 0):
 PSYoungGen      total 109056K, used 102016K [0x00000000ecb00000, 0x00000000f3d80000, 0x0000000100000000)
  eden space 101888K, 100% used [0x00000000ecb00000,0x00000000f2e80000,0x00000000f2e80000)
  from space 7168K, 1% used [0x00000000f3680000,0x00000000f36a0000,0x00000000f3d80000)
  to   space 7680K, 0% used [0x00000000f2e80000,0x00000000f2e80000,0x00000000f3600000)
 ParOldGen       total 39424K, used 9465K [0x00000000c6200000, 0x00000000c8880000, 0x00000000ecb00000)
  object space 39424K, 24% used [0x00000000c6200000,0x00000000c6b3e670,0x00000000c8880000)
 PSPermGen       total 21504K, used 16727K [0x00000000c1000000, 0x00000000c2500000, 0x00000000c6200000)
  object space 21504K, 77% used [0x00000000c1000000,0x00000000c2055f88,0x00000000c2500000)
Event: 15,874 GC heap after
Heap after GC invocations=11 (full 0):
 PSYoungGen      total 109568K, used 128K [0x00000000ecb00000, 0x00000000f7980000, 0x0000000100000000)
  eden space 101888K, 0% used [0x00000000ecb00000,0x00000000ecb00000,0x00000000f2e80000)
  from space 7680K, 1% used [0x00000000f2e80000,0x00000000f2ea0000,0x00000000f3600000)
  to   space 7680K, 0% used [0x00000000f7200000,0x00000000f7200000,0x00000000f7980000)
 ParOldGen       total 39424K, used 9527K [0x00000000c6200000, 0x00000000c8880000, 0x00000000ecb00000)
  object space 39424K, 24% used [0x00000000c6200000,0x00000000c6b4dc40,0x00000000c8880000)
 PSPermGen       total 21504K, used 16727K [0x00000000c1000000, 0x00000000c2500000, 0x00000000c6200000)
  object space 21504K, 77% used [0x00000000c1000000,0x00000000c2055f88,0x00000000c2500000)
}
Event: 17,067 GC heap before
{Heap before GC invocations=12 (full 0):
 PSYoungGen      total 109568K, used 102016K [0x00000000ecb00000, 0x00000000f7980000, 0x0000000100000000)
  eden space 101888K, 100% used [0x00000000ecb00000,0x00000000f2e80000,0x00000000f2e80000)
  from space 7680K, 1% used [0x00000000f2e80000,0x00000000f2ea0000,0x00000000f3600000)
  to   space 7680K, 0% used [0x00000000f7200000,0x00000000f7200000,0x00000000f7980000)
 ParOldGen       total 39424K, used 9527K [0x00000000c6200000, 0x00000000c8880000, 0x00000000ecb00000)
  object space 39424K, 24% used [0x00000000c6200000,0x00000000c6b4dc40,0x00000000c8880000)
 PSPermGen       total 21504K, used 16737K [0x00000000c1000000, 0x00000000c2500000, 0x00000000c6200000)
  object space 21504K, 77% used [0x00000000c1000000,0x00000000c2058538,0x00000000c2500000)
Event: 17,070 GC heap after
Heap after GC invocations=12 (full 0):
 PSYoungGen      total 98304K, used 128K [0x00000000ecb00000, 0x00000000f7280000, 0x0000000100000000)
  eden space 97792K, 0% used [0x00000000ecb00000,0x00000000ecb00000,0x00000000f2a80000)
  from space 512K, 25% used [0x00000000f7200000,0x00000000f7220000,0x00000000f7280000)
  to   space 7168K, 0% used [0x00000000f6480000,0x00000000f6480000,0x00000000f6b80000)
 ParOldGen       total 39424K, used 9551K [0x00000000c6200000, 0x00000000c8880000, 0x00000000ecb00000)
  object space 39424K, 24% used [0x00000000c6200000,0x00000000c6b53c40,0x00000000c8880000)
 PSPermGen       total 21504K, used 16737K [0x00000000c1000000, 0x00000000c2500000, 0x00000000c6200000)
  object space 21504K, 77% used [0x00000000c1000000,0x00000000c2058538,0x00000000c2500000)
}

