# JRE version: Java(TM) SE Runtime Environment (7.0_51-b13) (build 1.7.0_51-b13)
# Java VM: Java HotSpot(TM) 64-Bit Server VM (24.51-b03 mixed mode linux-amd64 compressed oops)
Heap
 PSYoungGen      total 121856K, used 58510K [0x00000000ecb00000, 0x00000000f4e80000, 0x0000000100000000)
  eden space 121344K, 48% used [0x00000000ecb00000,0x00000000f03fba30,0x00000000f4180000)
  from space 512K, 31% used [0x00000000f4700000,0x00000000f4728000,0x00000000f4780000)
  to   space 6656K, 0% used [0x00000000f4800000,0x00000000f4800000,0x00000000f4e80000)
 ParOldGen       total 39424K, used 7129K [0x00000000c6200000, 0x00000000c8880000, 0x00000000ecb00000)
  object space 39424K, 18% used [0x00000000c6200000,0x00000000c68f67f8,0x00000000c8880000)
 PSPermGen       total 21504K, used 16727K [0x00000000c1000000, 0x00000000c2500000, 0x00000000c6200000)
  object space 21504K, 77% used [0x00000000c1000000,0x00000000c2055de8,0x00000000c2500000)
GC Heap History (10 events):
Event: 7,874 GC heap before
{Heap before GC invocations=5 (full 0):
 PSYoungGen      total 33792K, used 33785K [0x00000000ecb00000, 0x00000000eee00000, 0x0000000100000000)
  eden space 31744K, 100% used [0x00000000ecb00000,0x00000000eea00000,0x00000000eea00000)
  from space 2048K, 99% used [0x00000000eec00000,0x00000000eedfe6f0,0x00000000eee00000)
  to   space 2048K, 0% used [0x00000000eea00000,0x00000000eea00000,0x00000000eec00000)
 ParOldGen       total 39424K, used 5086K [0x00000000c6200000, 0x00000000c8880000, 0x00000000ecb00000)
  object space 39424K, 12% used [0x00000000c6200000,0x00000000c66f7bb8,0x00000000c8880000)
 PSPermGen       total 21504K, used 16663K [0x00000000c1000000, 0x00000000c2500000, 0x00000000c6200000)
  object space 21504K, 77% used [0x00000000c1000000,0x00000000c2045c38,0x00000000c2500000)
Event: 7,881 GC heap after
Heap after GC invocations=5 (full 0):
 PSYoungGen      total 33792K, used 2041K [0x00000000ecb00000, 0x00000000f1600000, 0x0000000100000000)
  eden space 31744K, 0% used [0x00000000ecb00000,0x00000000ecb00000,0x00000000eea00000)
  from space 2048K, 99% used [0x00000000eea00000,0x00000000eebfe6f0,0x00000000eec00000)
  to   space 6656K, 0% used [0x00000000f0f80000,0x00000000f0f80000,0x00000000f1600000)
 ParOldGen       total 39424K, used 5086K [0x00000000c6200000, 0x00000000c8880000, 0x00000000ecb00000)
  object space 39424K, 12% used [0x00000000c6200000,0x00000000c66f7bb8,0x00000000c8880000)
 PSPermGen       total 21504K, used 16663K [0x00000000c1000000, 0x00000000c2500000, 0x00000000c6200000)
  object space 21504K, 77% used [0x00000000c1000000,0x00000000c2045c38,0x00000000c2500000)
}
Event: 8,188 GC heap before
{Heap before GC invocations=6 (full 0):
 PSYoungGen      total 33792K, used 33785K [0x00000000ecb00000, 0x00000000f1600000, 0x0000000100000000)
  eden space 31744K, 100% used [0x00000000ecb00000,0x00000000eea00000,0x00000000eea00000)
  from space 2048K, 99% used [0x00000000eea00000,0x00000000eebfe6f0,0x00000000eec00000)
  to   space 6656K, 0% used [0x00000000f0f80000,0x00000000f0f80000,0x00000000f1600000)
 ParOldGen       total 39424K, used 5086K [0x00000000c6200000, 0x00000000c8880000, 0x00000000ecb00000)
  object space 39424K, 12% used [0x00000000c6200000,0x00000000c66f7bb8,0x00000000c8880000)
 PSPermGen       total 21504K, used 16663K [0x00000000c1000000, 0x00000000c2500000, 0x00000000c6200000)
  object space 21504K, 77% used [0x00000000c1000000,0x00000000c2045c38,0x00000000c2500000)
Event: 8,194 GC heap after
Heap after GC invocations=6 (full 0):
 PSYoungGen      total 69120K, used 2041K [0x00000000ecb00000, 0x00000000f1500000, 0x0000000100000000)
  eden space 63488K, 0% used [0x00000000ecb00000,0x00000000ecb00000,0x00000000f0900000)
  from space 5632K, 36% used [0x00000000f0f80000,0x00000000f117e6f0,0x00000000f1500000)
  to   space 6144K, 0% used [0x00000000f0900000,0x00000000f0900000,0x00000000f0f00000)
 ParOldGen       total 39424K, used 5086K [0x00000000c6200000, 0x00000000c8880000, 0x00000000ecb00000)
  object space 39424K, 12% used [0x00000000c6200000,0x00000000c66f7bb8,0x00000000c8880000)
 PSPermGen       total 21504K, used 16663K [0x00000000c1000000, 0x00000000c2500000, 0x00000000c6200000)
  object space 21504K, 77% used [0x00000000c1000000,0x00000000c2045c38,0x00000000c2500000)
}
Event: 8,795 GC heap before
{Heap before GC invocations=7 (full 0):
 PSYoungGen      total 69120K, used 65529K [0x00000000ecb00000, 0x00000000f1500000, 0x0000000100000000)
  eden space 63488K, 100% used [0x00000000ecb00000,0x00000000f0900000,0x00000000f0900000)
  from space 5632K, 36% used [0x00000000f0f80000,0x00000000f117e6f0,0x00000000f1500000)
  to   space 6144K, 0% used [0x00000000f0900000,0x00000000f0900000,0x00000000f0f00000)
 ParOldGen       total 39424K, used 5086K [0x00000000c6200000, 0x00000000c8880000, 0x00000000ecb00000)
  object space 39424K, 12% used [0x00000000c6200000,0x00000000c66f7bb8,0x00000000c8880000)
 PSPermGen       total 21504K, used 16663K [0x00000000c1000000, 0x00000000c2500000, 0x00000000c6200000)
  object space 21504K, 77% used [0x00000000c1000000,0x00000000c2045fa8,0x00000000c2500000)
Event: 8,801 GC heap after
Heap after GC invocations=7 (full 0):
 PSYoungGen      total 69632K, used 96K [0x00000000ecb00000, 0x00000000f5400000, 0x0000000100000000)
  eden space 63488K, 0% used [0x00000000ecb00000,0x00000000ecb00000,0x00000000f0900000)
  from space 6144K, 1% used [0x00000000f0900000,0x00000000f0918000,0x00000000f0f00000)
  to   space 6656K, 0% used [0x00000000f4d80000,0x00000000f4d80000,0x00000000f5400000)
 ParOldGen       total 39424K, used 7097K [0x00000000c6200000, 0x00000000c8880000, 0x00000000ecb00000)
  object space 39424K, 18% used [0x00000000c6200000,0x00000000c68ee7f8,0x00000000c8880000)
 PSPermGen       total 21504K, used 16663K [0x00000000c1000000, 0x00000000c2500000, 0x00000000c6200000)
  object space 21504K, 77% used [0x00000000c1000000,0x00000000c2045fa8,0x00000000c2500000)
}
Event: 9,385 GC heap before
{Heap before GC invocations=8 (full 0):
 PSYoungGen      total 69632K, used 63584K [0x00000000ecb00000, 0x00000000f5400000, 0x0000000100000000)
  eden space 63488K, 100% used [0x00000000ecb00000,0x00000000f0900000,0x00000000f0900000)
  from space 6144K, 1% used [0x00000000f0900000,0x00000000f0918000,0x00000000f0f00000)
  to   space 6656K, 0% used [0x00000000f4d80000,0x00000000f4d80000,0x00000000f5400000)
 ParOldGen       total 39424K, used 7097K [0x00000000c6200000, 0x00000000c8880000, 0x00000000ecb00000)
  object space 39424K, 18% used [0x00000000c6200000,0x00000000c68ee7f8,0x00000000c8880000)
 PSPermGen       total 21504K, used 16669K [0x00000000c1000000, 0x00000000c2500000, 0x00000000c6200000)
  object space 21504K, 77% used [0x00000000c1000000,0x00000000c2047750,0x00000000c2500000)
Event: 9,388 GC heap after
Heap after GC invocations=8 (full 0):
 PSYoungGen      total 133632K, used 96K [0x00000000ecb00000, 0x00000000f5400000, 0x0000000100000000)
  eden space 126976K, 0% used [0x00000000ecb00000,0x00000000ecb00000,0x00000000f4700000)
  from space 6656K, 1% used [0x00000000f4d80000,0x00000000f4d98000,0x00000000f5400000)
  to   space 6656K, 0% used [0x00000000f4700000,0x00000000f4700000,0x00000000f4d80000)
 ParOldGen       total 39424K, used 7113K [0x00000000c6200000, 0x00000000c8880000, 0x00000000ecb00000)
  object space 39424K, 18% used [0x00000000c6200000,0x00000000c68f27f8,0x00000000c8880000)
 PSPermGen       total 21504K, used 16669K [0x00000000c1000000, 0x00000000c2500000, 0x00000000c6200000)
  object space 21504K, 77% used [0x00000000c1000000,0x00000000c2047750,0x00000000c2500000)
}
Event: 15,943 GC heap before
{Heap before GC invocations=9 (full 0):
 PSYoungGen      total 133632K, used 127072K [0x00000000ecb00000, 0x00000000f5400000, 0x0000000100000000)
  eden space 126976K, 100% used [0x00000000ecb00000,0x00000000f4700000,0x00000000f4700000)
  from space 6656K, 1% used [0x00000000f4d80000,0x00000000f4d98000,0x00000000f5400000)
  to   space 6656K, 0% used [0x00000000f4700000,0x00000000f4700000,0x00000000f4d80000)
 ParOldGen       total 39424K, used 7113K [0x00000000c6200000, 0x00000000c8880000, 0x00000000ecb00000)
  object space 39424K, 18% used [0x00000000c6200000,0x00000000c68f27f8,0x00000000c8880000)
 PSPermGen       total 21504K, used 16717K [0x00000000c1000000, 0x00000000c2500000, 0x00000000c6200000)
  object space 21504K, 77% used [0x00000000c1000000,0x00000000c20534e8,0x00000000c2500000)
Event: 15,946 GC heap after
Heap after GC invocations=9 (full 0):
 PSYoungGen      total 121856K, used 160K [0x00000000ecb00000, 0x00000000f4e80000, 0x0000000100000000)
  eden space 121344K, 0% used [0x00000000ecb00000,0x00000000ecb00000,0x00000000f4180000)
  from space 512K, 31% used [0x00000000f4700000,0x00000000f4728000,0x00000000f4780000)
  to   space 6656K, 0% used [0x00000000f4800000,0x00000000f4800000,0x00000000f4e80000)
 ParOldGen       total 39424K, used 7129K [0x00000000c6200000, 0x00000000c8880000, 0x00000000ecb00000)
  object space 39424K, 18% used [0x00000000c6200000,0x00000000c68f67f8,0x00000000c8880000)
 PSPermGen       total 21504K, used 16717K [0x00000000c1000000, 0x00000000c2500000, 0x00000000c6200000)
  object space 21504K, 77% used [0x00000000c1000000,0x00000000c20534e8,0x00000000c2500000)
}

