# JRE version: Java(TM) SE Runtime Environment (7.0_51-b13) (build 1.7.0_51-b13)
# Java VM: Java HotSpot(TM) 64-Bit Server VM (24.51-b03 mixed mode linux-amd64 compressed oops)
Heap
 PSYoungGen      total 98304K, used 57812K [0x00000000ecb00000, 0x00000000f3d80000, 0x0000000100000000)
  eden space 97792K, 58% used [0x00000000ecb00000,0x00000000f034d168,0x00000000f2a80000)
  from space 512K, 31% used [0x00000000f2e80000,0x00000000f2ea8000,0x00000000f2f00000)
  to   space 9728K, 0% used [0x00000000f3400000,0x00000000f3400000,0x00000000f3d80000)
 ParOldGen       total 39424K, used 13254K [0x00000000c6200000, 0x00000000c8880000, 0x00000000ecb00000)
  object space 39424K, 33% used [0x00000000c6200000,0x00000000c6ef1ac8,0x00000000c8880000)
 PSPermGen       total 21504K, used 16728K [0x00000000c1000000, 0x00000000c2500000, 0x00000000c6200000)
  object space 21504K, 77% used [0x00000000c1000000,0x00000000c2056038,0x00000000c2500000)
GC Heap History (10 events):
Event: 8,903 GC heap before
{Heap before GC invocations=7 (full 0):
 PSYoungGen      total 41984K, used 33831K [0x00000000ecb00000, 0x00000000eff00000, 0x0000000100000000)
  eden space 31744K, 100% used [0x00000000ecb00000,0x00000000eea00000,0x00000000eea00000)
  from space 10240K, 20% used [0x00000000ef500000,0x00000000ef709ed0,0x00000000eff00000)
  to   space 10752K, 0% used [0x00000000eea00000,0x00000000eea00000,0x00000000ef480000)
 ParOldGen       total 39424K, used 11111K [0x00000000c6200000, 0x00000000c8880000, 0x00000000ecb00000)
  object space 39424K, 28% used [0x00000000c6200000,0x00000000c6cd9ff8,0x00000000c8880000)
 PSPermGen       total 21504K, used 16663K [0x00000000c1000000, 0x00000000c2500000, 0x00000000c6200000)
  object space 21504K, 77% used [0x00000000c1000000,0x00000000c2045c68,0x00000000c2500000)
Event: 8,911 GC heap after
Heap after GC invocations=7 (full 0):
 PSYoungGen      total 42496K, used 96K [0x00000000ecb00000, 0x00000000f1e00000, 0x0000000100000000)
  eden space 31744K, 0% used [0x00000000ecb00000,0x00000000ecb00000,0x00000000eea00000)
  from space 10752K, 0% used [0x00000000eea00000,0x00000000eea18000,0x00000000ef480000)
  to   space 10752K, 0% used [0x00000000f1380000,0x00000000f1380000,0x00000000f1e00000)
 ParOldGen       total 39424K, used 13134K [0x00000000c6200000, 0x00000000c8880000, 0x00000000ecb00000)
  object space 39424K, 33% used [0x00000000c6200000,0x00000000c6ed3998,0x00000000c8880000)
 PSPermGen       total 21504K, used 16663K [0x00000000c1000000, 0x00000000c2500000, 0x00000000c6200000)
  object space 21504K, 77% used [0x00000000c1000000,0x00000000c2045c68,0x00000000c2500000)
}
Event: 9,190 GC heap before
{Heap before GC invocations=8 (full 0):
 PSYoungGen      total 42496K, used 31840K [0x00000000ecb00000, 0x00000000f1e00000, 0x0000000100000000)
  eden space 31744K, 100% used [0x00000000ecb00000,0x00000000eea00000,0x00000000eea00000)
  from space 10752K, 0% used [0x00000000eea00000,0x00000000eea18000,0x00000000ef480000)
  to   space 10752K, 0% used [0x00000000f1380000,0x00000000f1380000,0x00000000f1e00000)
 ParOldGen       total 39424K, used 13134K [0x00000000c6200000, 0x00000000c8880000, 0x00000000ecb00000)
  object space 39424K, 33% used [0x00000000c6200000,0x00000000c6ed3998,0x00000000c8880000)
 PSPermGen       total 21504K, used 16663K [0x00000000c1000000, 0x00000000c2500000, 0x00000000c6200000)
  object space 21504K, 77% used [0x00000000c1000000,0x00000000c2045df0,0x00000000c2500000)
Event: 9,192 GC heap after
Heap after GC invocations=8 (full 0):
 PSYoungGen      total 74240K, used 96K [0x00000000ecb00000, 0x00000000f1e00000, 0x0000000100000000)
  eden space 63488K, 0% used [0x00000000ecb00000,0x00000000ecb00000,0x00000000f0900000)
  from space 10752K, 0% used [0x00000000f1380000,0x00000000f1398000,0x00000000f1e00000)
  to   space 10752K, 0% used [0x00000000f0900000,0x00000000f0900000,0x00000000f1380000)
 ParOldGen       total 39424K, used 13150K [0x00000000c6200000, 0x00000000c8880000, 0x00000000ecb00000)
  object space 39424K, 33% used [0x00000000c6200000,0x00000000c6ed7998,0x00000000c8880000)
 PSPermGen       total 21504K, used 16663K [0x00000000c1000000, 0x00000000c2500000, 0x00000000c6200000)
  object space 21504K, 77% used [0x00000000c1000000,0x00000000c2045df0,0x00000000c2500000)
}
Event: 9,774 GC heap before
{Heap before GC invocations=9 (full 0):
 PSYoungGen      total 74240K, used 63584K [0x00000000ecb00000, 0x00000000f1e00000, 0x0000000100000000)
  eden space 63488K, 100% used [0x00000000ecb00000,0x00000000f0900000,0x00000000f0900000)
  from space 10752K, 0% used [0x00000000f1380000,0x00000000f1398000,0x00000000f1e00000)
  to   space 10752K, 0% used [0x00000000f0900000,0x00000000f0900000,0x00000000f1380000)
 ParOldGen       total 39424K, used 13150K [0x00000000c6200000, 0x00000000c8880000, 0x00000000ecb00000)
  object space 39424K, 33% used [0x00000000c6200000,0x00000000c6ed7998,0x00000000c8880000)
 PSPermGen       total 21504K, used 16664K [0x00000000c1000000, 0x00000000c2500000, 0x00000000c6200000)
  object space 21504K, 77% used [0x00000000c1000000,0x00000000c2046088,0x00000000c2500000)
Event: 9,776 GC heap after
Heap after GC invocations=9 (full 0):
 PSYoungGen      total 74240K, used 64K [0x00000000ecb00000, 0x00000000f4280000, 0x0000000100000000)
  eden space 63488K, 0% used [0x00000000ecb00000,0x00000000ecb00000,0x00000000f0900000)
  from space 10752K, 0% used [0x00000000f0900000,0x00000000f0910000,0x00000000f1380000)
  to   space 10240K, 0% used [0x00000000f3880000,0x00000000f3880000,0x00000000f4280000)
 ParOldGen       total 39424K, used 13158K [0x00000000c6200000, 0x00000000c8880000, 0x00000000ecb00000)
  object space 39424K, 33% used [0x00000000c6200000,0x00000000c6ed9998,0x00000000c8880000)
 PSPermGen       total 21504K, used 16664K [0x00000000c1000000, 0x00000000c2500000, 0x00000000c6200000)
  object space 21504K, 77% used [0x00000000c1000000,0x00000000c2046088,0x00000000c2500000)
}
Event: 25,509 GC heap before
{Heap before GC invocations=10 (full 0):
 PSYoungGen      total 74240K, used 63552K [0x00000000ecb00000, 0x00000000f4280000, 0x0000000100000000)
  eden space 63488K, 100% used [0x00000000ecb00000,0x00000000f0900000,0x00000000f0900000)
  from space 10752K, 0% used [0x00000000f0900000,0x00000000f0910000,0x00000000f1380000)
  to   space 10240K, 0% used [0x00000000f3880000,0x00000000f3880000,0x00000000f4280000)
 ParOldGen       total 39424K, used 13158K [0x00000000c6200000, 0x00000000c8880000, 0x00000000ecb00000)
  object space 39424K, 33% used [0x00000000c6200000,0x00000000c6ed9998,0x00000000c8880000)
 PSPermGen       total 21504K, used 16711K [0x00000000c1000000, 0x00000000c2500000, 0x00000000c6200000)
  object space 21504K, 77% used [0x00000000c1000000,0x00000000c2051ec0,0x00000000c2500000)
Event: 25,511 GC heap after
Heap after GC invocations=10 (full 0):
 PSYoungGen      total 111104K, used 192K [0x00000000ecb00000, 0x00000000f4180000, 0x0000000100000000)
  eden space 101888K, 0% used [0x00000000ecb00000,0x00000000ecb00000,0x00000000f2e80000)
  from space 9216K, 2% used [0x00000000f3880000,0x00000000f38b0000,0x00000000f4180000)
  to   space 9728K, 0% used [0x00000000f2e80000,0x00000000f2e80000,0x00000000f3800000)
 ParOldGen       total 39424K, used 13158K [0x00000000c6200000, 0x00000000c8880000, 0x00000000ecb00000)
  object space 39424K, 33% used [0x00000000c6200000,0x00000000c6ed9998,0x00000000c8880000)
 PSPermGen       total 21504K, used 16711K [0x00000000c1000000, 0x00000000c2500000, 0x00000000c6200000)
  object space 21504K, 77% used [0x00000000c1000000,0x00000000c2051ec0,0x00000000c2500000)
}
Event: 26,787 GC heap before
{Heap before GC invocations=11 (full 0):
 PSYoungGen      total 111104K, used 102080K [0x00000000ecb00000, 0x00000000f4180000, 0x0000000100000000)
  eden space 101888K, 100% used [0x00000000ecb00000,0x00000000f2e80000,0x00000000f2e80000)
  from space 9216K, 2% used [0x00000000f3880000,0x00000000f38b0000,0x00000000f4180000)
  to   space 9728K, 0% used [0x00000000f2e80000,0x00000000f2e80000,0x00000000f3800000)
 ParOldGen       total 39424K, used 13158K [0x00000000c6200000, 0x00000000c8880000, 0x00000000ecb00000)
  object space 39424K, 33% used [0x00000000c6200000,0x00000000c6ed9998,0x00000000c8880000)
 PSPermGen       total 21504K, used 16717K [0x00000000c1000000, 0x00000000c2500000, 0x00000000c6200000)
  object space 21504K, 77% used [0x00000000c1000000,0x00000000c20536d0,0x00000000c2500000)
Event: 26,790 GC heap after
Heap after GC invocations=11 (full 0):
 PSYoungGen      total 98304K, used 160K [0x00000000ecb00000, 0x00000000f3d80000, 0x0000000100000000)
  eden space 97792K, 0% used [0x00000000ecb00000,0x00000000ecb00000,0x00000000f2a80000)
  from space 512K, 31% used [0x00000000f2e80000,0x00000000f2ea8000,0x00000000f2f00000)
  to   space 9728K, 0% used [0x00000000f3400000,0x00000000f3400000,0x00000000f3d80000)
 ParOldGen       total 39424K, used 13254K [0x00000000c6200000, 0x00000000c8880000, 0x00000000ecb00000)
  object space 39424K, 33% used [0x00000000c6200000,0x00000000c6ef1ac8,0x00000000c8880000)
 PSPermGen       total 21504K, used 16717K [0x00000000c1000000, 0x00000000c2500000, 0x00000000c6200000)
  object space 21504K, 77% used [0x00000000c1000000,0x00000000c20536d0,0x00000000c2500000)
}

